<?xml version="1.0" encoding="UTF-8"?>
<testng-results ignored="0" total="1" passed="0" failed="1" skipped="0">
  <reporter-output>
  </reporter-output>
  <suite started-at="2024-05-03T09:29:14 COT" name="Default suite" finished-at="2024-05-03T09:29:26 COT" duration-ms="12426">
    <groups>
    </groups>
    <test started-at="2024-05-03T09:29:14 COT" name="Default test" finished-at="2024-05-03T09:29:26 COT" duration-ms="12426">
      <class name="com.amazon.testclases.AmazonTests">
        <test-method signature="hamburgerTest()[pri:0, instance:com.amazon.testclases.AmazonTests@311bf055]" started-at="2024-05-03T09:29:14 COT" name="hamburgerTest" finished-at="2024-05-03T09:29:26 COT" duration-ms="11818" status="FAIL">
          <exception class="java.lang.AssertionError">
            <message>
              <![CDATA[Maps do not match for key:Buscar por categoría actual:[Alimentos y Bebidas, Libros, Películas, Series de TV y Música, Electrónicos, Ver todo] expected:[Alimentos y Bebidas, Libros, Películas, Series de TV y Música, Electrónicos, ERROR, Ver todo]]]>
            </message>
            <full-stacktrace>
              <![CDATA[java.lang.AssertionError: Maps do not match for key:Buscar por categoría actual:[Alimentos y Bebidas, Libros, Películas, Series de TV y Música, Electrónicos, Ver todo] expected:[Alimentos y Bebidas, Libros, Películas, Series de TV y Música, Electrónicos, ERROR, Ver todo]
at org.testng.Assert.fail(Assert.java:111)
at com.amazon.baseclases.BasePage.reportFail(BasePage.java:65)
at com.amazon.baseclases.TopMenuClass.verifyCategoryAndOptions(TopMenuClass.java:107)
at com.amazon.testclases.AmazonTests.hamburgerTest(AmazonTests.java:68)
at java.base/jdk.internal.reflect.DirectMethodHandleAccessor.invoke(DirectMethodHandleAccessor.java:103)
at java.base/java.lang.reflect.Method.invoke(Method.java:580)
at org.testng.internal.invokers.MethodInvocationHelper.invokeMethod(MethodInvocationHelper.java:139)
at org.testng.internal.invokers.TestInvoker.invokeMethod(TestInvoker.java:664)
at org.testng.internal.invokers.TestInvoker.invokeTestMethod(TestInvoker.java:228)
at org.testng.internal.invokers.MethodRunner.runInSequence(MethodRunner.java:63)
at org.testng.internal.invokers.TestInvoker$MethodInvocationAgent.invoke(TestInvoker.java:961)
at org.testng.internal.invokers.TestInvoker.invokeTestMethods(TestInvoker.java:201)
at org.testng.internal.invokers.TestMethodWorker.invokeTestMethods(TestMethodWorker.java:148)
at org.testng.internal.invokers.TestMethodWorker.run(TestMethodWorker.java:128)
at java.base/java.util.ArrayList.forEach(ArrayList.java:1596)
at org.testng.TestRunner.privateRun(TestRunner.java:819)
at org.testng.TestRunner.run(TestRunner.java:619)
at org.testng.SuiteRunner.runTest(SuiteRunner.java:443)
at org.testng.SuiteRunner.runSequentially(SuiteRunner.java:437)
at org.testng.SuiteRunner.privateRun(SuiteRunner.java:397)
at org.testng.SuiteRunner.run(SuiteRunner.java:336)
at org.testng.SuiteRunnerWorker.runSuite(SuiteRunnerWorker.java:52)
at org.testng.SuiteRunnerWorker.run(SuiteRunnerWorker.java:95)
at org.testng.TestNG.runSuitesSequentially(TestNG.java:1301)
at org.testng.TestNG.runSuitesLocally(TestNG.java:1228)
at org.testng.TestNG.runSuites(TestNG.java:1134)
at org.testng.TestNG.run(TestNG.java:1101)
at org.testng.remote.AbstractRemoteTestNG.run(AbstractRemoteTestNG.java:115)
at org.testng.remote.RemoteTestNG.initAndRun(RemoteTestNG.java:251)
at org.testng.remote.RemoteTestNG.main(RemoteTestNG.java:77)
]]>
            </full-stacktrace>
          </exception> <!-- java.lang.AssertionError -->
          <reporter-output>
          </reporter-output>
        </test-method> <!-- hamburgerTest -->
        <test-method is-config="true" signature="flushReports()[pri:0, instance:com.amazon.testclases.AmazonTests@311bf055]" started-at="2024-05-03T09:29:26 COT" name="flushReports" finished-at="2024-05-03T09:29:26 COT" duration-ms="561" status="PASS">
          <reporter-output>
          </reporter-output>
        </test-method> <!-- flushReports -->
      </class> <!-- com.amazon.testclases.AmazonTests -->
    </test> <!-- Default test -->
  </suite> <!-- Default suite -->
</testng-results>
